\BOOKMARK [1][-]{section*.1}{Pre-Modernity}{}% 1
\BOOKMARK [2][-]{subsubsection*.2}{The\040Greeks}{section*.1}% 2
\BOOKMARK [3][-]{subsubsection*.3}{The\040Axiomatic\040Method}{subsubsection*.2}% 3
\BOOKMARK [3][-]{subsubsection*.4}{An\040Early\040Tension}{subsubsection*.2}% 4
\BOOKMARK [1][-]{section*.5}{Modernity}{}% 5
\BOOKMARK [2][-]{subsection*.6}{Cantor's\040Paradise}{section*.5}% 6
\BOOKMARK [3][-]{subsubsection*.7}{Paradoxes}{subsection*.6}% 7
\BOOKMARK [3][-]{subsubsection*.8}{Axiom\040of\040Choice}{subsection*.6}% 8
\BOOKMARK [3][-]{subsubsection*.9}{Predicativity}{subsection*.6}% 9
\BOOKMARK [2][-]{subsection*.10}{Formalization}{section*.5}% 10
\BOOKMARK [3][-]{subsubsection*.11}{Zermelo-Fraenkel\040Set\040Theory\040\(1908\)}{subsection*.10}% 11
\BOOKMARK [3][-]{subsubsection*.12}{Principia\040Mathematica}{subsection*.10}% 12
\BOOKMARK [2][-]{subsection*.13}{The\040Major\040Foundational\040Schools\040of\040Thought}{section*.5}% 13
\BOOKMARK [3][-]{subsubsection*.14}{Logicism}{subsection*.13}% 14
\BOOKMARK [3][-]{subsubsection*.15}{Intuitionism}{subsection*.13}% 15
\BOOKMARK [3][-]{subsubsection*.16}{Formalism}{subsection*.13}% 16
\BOOKMARK [2][-]{subsection*.17}{Gödel's First and Second Incompleteness Theorems}{section*.5}% 17
\BOOKMARK [3][-]{subsubsection*.18}{First\040Incompleteness\040Theorem}{subsection*.17}% 18
\BOOKMARK [3][-]{subsubsection*.19}{Second\040Incompleteness\040Theorem}{subsection*.17}% 19
\BOOKMARK [1][-]{section*.20}{After\040The\040Grundlagenkrise}{}% 20
\BOOKMARK [2][-]{subsection*.21}{Arrows\040Instead\040Of\040Epsilon}{section*.20}% 21
\BOOKMARK [3][-]{subsubsection*.22}{Category\040Theory}{subsection*.21}% 22
\BOOKMARK [3][-]{subsubsection*.23}{Topoi}{subsection*.21}% 23
\BOOKMARK [3][-]{subsubsection*.24}{Constructive\040Mathematics}{subsection*.21}% 24
\BOOKMARK [3][-]{subsubsection*.25}{Type\040Theory}{subsection*.21}% 25
\BOOKMARK [3][-]{subsubsection*.26}{Homotopy\040Type\040Theory\040\(HoTT\)\040and\040Univalent\040Foundations}{subsection*.21}% 26
